<?xml version="1.0" encoding="UTF-8"?>
<!-- Generated by org.testng.reporters.JUnitXMLReporter -->
<testsuite hostname="Veena" ignored="0" name="AdminSanityTestExecution" tests="2" failures="2" timestamp="20 May 2018 19:25:36 GMT" time="38.668" errors="0">
  <testcase name="CreateIncident" time="38.34" classname="com.acktinos.tests.ParentTest">
    <failure type="java.lang.NullPointerException">
      <![CDATA[java.lang.NullPointerExceptionat com.acktinos.Utils.TestStep.perform(TestStep.java:32)at java.util.ArrayList$ArrayListSpliterator.forEachRemaining(ArrayList.java:1382)at java.util.stream.ReferencePipeline$Head.forEach(ReferencePipeline.java:580)at com.acktinos.Utils.XLReaderFilloHelper.executeLoginPage(XLReaderFilloHelper.java:121)at com.acktinos.Utils.XLReaderFilloHelper.executePage(XLReaderFilloHelper.java:135)at com.acktinos.tests.CommonTest.doPageExecution(CommonTest.java:137)at com.acktinos.tests.ParentTest.CreateIncident(ParentTest.java)... Removed 25 stack frames]]>
    </failure>
  </testcase> <!-- CreateIncident -->
  <testcase name="UpdateIncident" time="0.102" classname="com.acktinos.tests.ParentTest">
    <failure type="java.lang.NullPointerException">
      <![CDATA[java.lang.NullPointerExceptionat com.acktinos.Utils.TestStep.perform(TestStep.java:32)at java.util.ArrayList$ArrayListSpliterator.forEachRemaining(ArrayList.java:1382)at java.util.stream.ReferencePipeline$Head.forEach(ReferencePipeline.java:580)at com.acktinos.Utils.XLReaderFilloHelper.executePage(XLReaderFilloHelper.java:158)at com.acktinos.tests.CommonTest.doPageExecution(CommonTest.java:137)at com.acktinos.tests.ParentTest.UpdateIncident(ParentTest.java)... Removed 25 stack frames]]>
    </failure>
  </testcase> <!-- UpdateIncident -->
</testsuite> <!-- AdminSanityTestExecution -->
