{"uuid":"791d70ef-912b-409b-bd47-ad9b7c584c3f","historyId":"b56e311e94ac2bde10230895f0491669","fullName":"com.acktinos.tests.AdminBaseTest.checkATU","labels":[{"name":"package","value":"com.acktinos.tests.AdminBaseTest"},{"name":"testClass","value":"com.acktinos.tests.AdminBaseTest"},{"name":"testMethod","value":"checkATU"},{"name":"parentSuite","value":"Service Now  Test Suite"},{"name":"suite","value":"AdminSanityTestExecution"},{"name":"subSuite","value":"com.acktinos.tests.AdminBaseTest"},{"name":"host","value":"Veena"},{"name":"thread","value":"51448@Veena.main(1)"}],"links":[],"name":"checkATU","status":"broken","statusDetails":{"known":false,"muted":false,"flaky":false,"message":"Malformed URL: url","trace":"java.lang.IllegalArgumentException: Malformed URL: url\r\n\tat org.jsoup.helper.HttpConnection.url(HttpConnection.java:136)\r\n\tat org.jsoup.helper.HttpConnection.connect(HttpConnection.java:76)\r\n\tat org.jsoup.Jsoup.connect(Jsoup.java:73)\r\n\tat com.acktinos.helper.JSoupHelper.doPageScrap(JSoupHelper.java:13)\r\n\tat com.acktinos.actions.BaseAction.doLogin(BaseAction.java:51)\r\n\tat com.acktinos.tests.CommonTest.doUserSetup(CommonTest.java:48)\r\n\tat com.acktinos.tests.AdminBaseTest.checkATU(AdminBaseTest.java:13)\r\n\tat sun.reflect.NativeMethodAccessorImpl.invoke0(Native Method)\r\n\tat sun.reflect.NativeMethodAccessorImpl.invoke(NativeMethodAccessorImpl.java:62)\r\n\tat sun.reflect.DelegatingMethodAccessorImpl.invoke(DelegatingMethodAccessorImpl.java:43)\r\n\tat java.lang.reflect.Method.invoke(Method.java:498)\r\n\tat org.testng.internal.MethodInvocationHelper.invokeMethod(MethodInvocationHelper.java:124)\r\n\tat org.testng.internal.Invoker.invokeMethod(Invoker.java:571)\r\n\tat org.testng.internal.Invoker.invokeTestMethod(Invoker.java:707)\r\n\tat org.testng.internal.Invoker.invokeTestMethods(Invoker.java:979)\r\n\tat org.testng.internal.TestMethodWorker.invokeTestMethods(TestMethodWorker.java:125)\r\n\tat org.testng.internal.TestMethodWorker.run(TestMethodWorker.java:109)\r\n\tat org.testng.TestRunner.privateRun(TestRunner.java:648)\r\n\tat org.testng.TestRunner.run(TestRunner.java:505)\r\n\tat org.testng.SuiteRunner.runTest(SuiteRunner.java:455)\r\n\tat org.testng.SuiteRunner.runSequentially(SuiteRunner.java:450)\r\n\tat org.testng.SuiteRunner.privateRun(SuiteRunner.java:415)\r\n\tat org.testng.SuiteRunner.run(SuiteRunner.java:364)\r\n\tat org.testng.SuiteRunnerWorker.runSuite(SuiteRunnerWorker.java:52)\r\n\tat org.testng.SuiteRunnerWorker.run(SuiteRunnerWorker.java:84)\r\n\tat org.testng.TestNG.runSuitesSequentially(TestNG.java:1187)\r\n\tat org.testng.TestNG.runSuitesLocally(TestNG.java:1116)\r\n\tat org.testng.TestNG.runSuites(TestNG.java:1028)\r\n\tat org.testng.TestNG.run(TestNG.java:996)\r\n\tat org.testng.remote.AbstractRemoteTestNG.run(AbstractRemoteTestNG.java:114)\r\n\tat org.testng.remote.RemoteTestNG.initAndRun(RemoteTestNG.java:251)\r\n\tat org.testng.remote.RemoteTestNG.main(RemoteTestNG.java:77)\r\nCaused by: java.net.MalformedURLException: no protocol: url\r\n\tat java.net.URL.<init>(URL.java:593)\r\n\tat java.net.URL.<init>(URL.java:490)\r\n\tat java.net.URL.<init>(URL.java:439)\r\n\tat org.jsoup.helper.HttpConnection.url(HttpConnection.java:134)\r\n\t... 31 more\r\n"},"stage":"finished","start":1526521655111,"stop":1526521705379,"parameters":[{"name":"seleniumPort","value":"4444"},{"name":"password","value":"Email@25"},{"name":"Adminuser","value":"pandeyamit427@gmail.com"},{"name":"isRunOnRemote","value":"false"},{"name":"seleniumHost","value":"localhost"},{"name":"userName","value":"pandeyamit427@gmail.com"},{"name":"url","value":"https://dev57903.service-now.com"},{"name":"AdminPassword","value":"Email@25"},{"name":"browserType","value":"Chrome"},{"name":"arg0","value":"org.testng.TestRunner@1717c37"}]}